#
# There is insufficient memory for the Java Runtime Environment to continue.
# Native memory allocation (mmap) failed to map 134217728 bytes for Failed to commit area from 0x0000000081c00000 to 0x0000000089c00000 of length 134217728.
# Possible reasons:
#   The system is out of physical RAM or swap space
#   The process is running with CompressedOops enabled, and the Java Heap may be blocking the growth of the native heap
# Possible solutions:
#   Reduce memory load on the system
#   Increase physical memory or swap space
#   Check if swap backing store is full
#   Decrease Java heap size (-Xmx/-Xms)
#   Decrease number of Java threads
#   Decrease Java thread stack sizes (-Xss)
#   Set larger code cache with -XX:ReservedCodeCacheSize=
# This output file may be truncated or incomplete.
#
#  Out of Memory Error (./src/hotspot/os/windows/os_windows.cpp:3303), pid=13684, tid=11636
#
# JRE version:  (11.0.9.1+1) (build )
# Java VM: OpenJDK 64-Bit Server VM (11.0.9.1+1, mixed mode, sharing, tiered, compressed oops, g1 gc, windows-amd64)
# No core dump will be written. Minidumps are not enabled by default on client versions of Windows
#

---------------  S U M M A R Y ------------

Command Line: -Xverify:none -XX:TieredStopAtLevel=1 com.techprimers.domainprocessor.DomainProcessorApplication

Host: Intel(R) Core(TM) i5-7400T CPU @ 2.40GHz, 4 cores, 7G,  Windows 10 , 64 bit Build 19041 (10.0.19041.1023)
Time: Sun Jun 27 11:37:43 2021 Jerusalem Daylight Time elapsed time: 0.028859 seconds (0d 0h 0m 0s)

---------------  T H R E A D  ---------------

Current thread (0x00000155e14e2800):  JavaThread "Unknown thread" [_thread_in_vm, id=11636, stack(0x0000000c1fe00000,0x0000000c1ff00000)]

Stack: [0x0000000c1fe00000,0x0000000c1ff00000]
Native frames: (J=compiled Java code, j=interpreted, Vv=VM code, C=native code)
V  [jvm.dll+0x5f465a]
V  [jvm.dll+0x77c78e]
V  [jvm.dll+0x77de5f]
V  [jvm.dll+0x77e523]
V  [jvm.dll+0x2477c8]
V  [jvm.dll+0x5f18ba]
V  [jvm.dll+0x5e6505]
V  [jvm.dll+0x2fca8c]
V  [jvm.dll+0x2fc912]
V  [jvm.dll+0x3015c6]
V  [jvm.dll+0x345e3f]
V  [jvm.dll+0x345870]
V  [jvm.dll+0x2d9ce8]
V  [jvm.dll+0x2dae36]
V  [jvm.dll+0x758137]
V  [jvm.dll+0x7598bf]
V  [jvm.dll+0x352c39]
V  [jvm.dll+0x73b3c0]
V  [jvm.dll+0x3ba30f]
V  [jvm.dll+0x3bc7b1]
C  [jli.dll+0x520b]
C  [ucrtbase.dll+0x21bb2]
C  [KERNEL32.DLL+0x17034]
C  [ntdll.dll+0x52651]


---------------  P R O C E S S  ---------------

Threads class SMR info:
_java_thread_list=0x00000155df248210, length=0, elements={
}

Java Threads: ( => current thread )

Other Threads:
  0x00000155e14fb000 GCTaskThread "GC Thread#0" [stack: 0x0000000c1ff00000,0x0000000c20000000] [id=9992]
  0x00000155e152d000 ConcurrentGCThread "G1 Main Marker" [stack: 0x0000000c20000000,0x0000000c20100000] [id=11424]
  0x00000155e152e800 ConcurrentGCThread "G1 Conc#0" [stack: 0x0000000c20100000,0x0000000c20200000] [id=8308]

[error occurred during error reporting (printing all threads), id 0xc0000005, EXCEPTION_ACCESS_VIOLATION (0xc0000005) at pc=0x00007ffc4c699367]

VM state:not at safepoint (not fully initialized)

VM Mutex/Monitor currently owned by a thread:  ([mutex/lock_event])
[0x00000155e14def20] Heap_lock - owner thread: 0x00000155e14e2800

Heap address: 0x0000000081c00000, size: 2020 MB, Compressed Oops mode: Non-zero based: 0x0000000081c00000
Narrow klass base: 0x0000000000000000, Narrow klass shift: 0

GC Heap History (0 events):
No events

Deoptimization events (0 events):
No events

Classes redefined (0 events):
No events

Internal exceptions (0 events):
No events

Events (1 events):
Event: 0.010 Loaded shared library C:\Program Files\AdoptOpenJDK\jdk-11.0.9.101-hotspot\bin\zip.dll


Dynamic libraries:
0x00007ff6edab0000 - 0x00007ff6edabd000 	C:\Program Files\AdoptOpenJDK\jdk-11.0.9.101-hotspot\bin\java.exe
0x00007ffcbdbb0000 - 0x00007ffcbdda5000 	C:\WINDOWS\SYSTEM32\ntdll.dll
0x00007ffcbd060000 - 0x00007ffcbd11d000 	C:\WINDOWS\System32\KERNEL32.DLL
0x00007ffcbb4b0000 - 0x00007ffcbb778000 	C:\WINDOWS\System32\KERNELBASE.dll
0x00007ffcbb7b0000 - 0x00007ffcbb8b0000 	C:\WINDOWS\System32\ucrtbase.dll
0x00007ffcb1130000 - 0x00007ffcb1145000 	C:\Program Files\AdoptOpenJDK\jdk-11.0.9.101-hotspot\bin\VCRUNTIME140.dll
0x00007ffcb0e30000 - 0x00007ffcb0e47000 	C:\Program Files\AdoptOpenJDK\jdk-11.0.9.101-hotspot\bin\jli.dll
0x00007ffcbc5e0000 - 0x00007ffcbc780000 	C:\WINDOWS\System32\USER32.dll
0x00007ffcbbba0000 - 0x00007ffcbbbc2000 	C:\WINDOWS\System32\win32u.dll
0x00007ffcbcea0000 - 0x00007ffcbceca000 	C:\WINDOWS\System32\GDI32.dll
0x00007ffcafcd0000 - 0x00007ffcaff6a000 	C:\WINDOWS\WinSxS\amd64_microsoft.windows.common-controls_6595b64144ccf1df_6.0.19041.1052_none_60b8f8fd71f5e8cb\COMCTL32.dll
0x00007ffcbb940000 - 0x00007ffcbba4b000 	C:\WINDOWS\System32\gdi32full.dll
0x00007ffcbbd00000 - 0x00007ffcbbd9e000 	C:\WINDOWS\System32\msvcrt.dll
0x00007ffcbba50000 - 0x00007ffcbbaed000 	C:\WINDOWS\System32\msvcp_win.dll
0x00007ffcbd930000 - 0x00007ffcbd960000 	C:\WINDOWS\System32\IMM32.DLL
0x00007ffc711d0000 - 0x00007ffc7126b000 	C:\Program Files\AdoptOpenJDK\jdk-11.0.9.101-hotspot\bin\msvcp140.dll
0x00007ffc4c3b0000 - 0x00007ffc4cef3000 	C:\Program Files\AdoptOpenJDK\jdk-11.0.9.101-hotspot\bin\server\jvm.dll
0x00007ffcbbf10000 - 0x00007ffcbbfbc000 	C:\WINDOWS\System32\ADVAPI32.dll
0x00007ffcbbe10000 - 0x00007ffcbbeab000 	C:\WINDOWS\System32\sechost.dll
0x00007ffcbced0000 - 0x00007ffcbcffb000 	C:\WINDOWS\System32\RPCRT4.dll
0x00007ffcbbfc0000 - 0x00007ffcbbfc8000 	C:\WINDOWS\System32\PSAPI.DLL
0x00007ffcacde0000 - 0x00007ffcacde9000 	C:\WINDOWS\SYSTEM32\WSOCK32.dll
0x00007ffcb6b10000 - 0x00007ffcb6b1a000 	C:\WINDOWS\SYSTEM32\VERSION.dll
0x00007ffcbbda0000 - 0x00007ffcbbe0b000 	C:\WINDOWS\System32\WS2_32.dll
0x00007ffcb2540000 - 0x00007ffcb2567000 	C:\WINDOWS\SYSTEM32\WINMM.dll
0x00007ffcb9140000 - 0x00007ffcb9152000 	C:\WINDOWS\SYSTEM32\kernel.appcore.dll
0x00007ffcb1120000 - 0x00007ffcb1130000 	C:\Program Files\AdoptOpenJDK\jdk-11.0.9.101-hotspot\bin\verify.dll
0x00007ffcb5080000 - 0x00007ffcb5264000 	C:\WINDOWS\SYSTEM32\DBGHELP.DLL
0x00007ffcb4870000 - 0x00007ffcb489c000 	C:\WINDOWS\SYSTEM32\dbgcore.DLL
0x00007ffcbb8b0000 - 0x00007ffcbb933000 	C:\WINDOWS\System32\bcryptPrimitives.dll
0x00007ffc963f0000 - 0x00007ffc96418000 	C:\Program Files\AdoptOpenJDK\jdk-11.0.9.101-hotspot\bin\java.dll
0x00007ffcb10b0000 - 0x00007ffcb10ba000 	C:\Program Files\AdoptOpenJDK\jdk-11.0.9.101-hotspot\bin\jimage.dll
0x00007ffcb0e10000 - 0x00007ffcb0e27000 	C:\Program Files\AdoptOpenJDK\jdk-11.0.9.101-hotspot\bin\zip.dll

dbghelp: loaded successfully - version: 4.0.5 - missing functions: none
symbol engine: initialized successfully - sym options: 0x614 - pdb path: .;C:\Program Files\AdoptOpenJDK\jdk-11.0.9.101-hotspot\bin;C:\WINDOWS\SYSTEM32;C:\WINDOWS\WinSxS\amd64_microsoft.windows.common-controls_6595b64144ccf1df_6.0.19041.1052_none_60b8f8fd71f5e8cb;C:\Program Files\AdoptOpenJDK\jdk-11.0.9.101-hotspot\bin\server

VM Arguments:
jvm_args: -Xverify:none -XX:TieredStopAtLevel=1 
java_command: com.techprimers.domainprocessor.DomainProcessorApplication
java_class_path (initial): C:\kafka-streams-microservices-example-main\domain-processor\target\classes;C:\Users\GH2707\.m2\repository\org\apache\kafka\kafka-streams\2.7.1\kafka-streams-2.7.1.jar;C:\Users\GH2707\.m2\repository\org\apache\kafka\kafka-clients\2.7.1\kafka-clients-2.7.1.jar;C:\Users\GH2707\.m2\repository\com\github\luben\zstd-jni\1.4.5-6\zstd-jni-1.4.5-6.jar;C:\Users\GH2707\.m2\repository\org\lz4\lz4-java\1.7.1\lz4-java-1.7.1.jar;C:\Users\GH2707\.m2\repository\org\xerial\snappy\snappy-java\1.1.7.7\snappy-java-1.1.7.7.jar;C:\Users\GH2707\.m2\repository\org\apache\kafka\connect-json\2.7.1\connect-json-2.7.1.jar;C:\Users\GH2707\.m2\repository\org\apache\kafka\connect-api\2.7.1\connect-api-2.7.1.jar;C:\Users\GH2707\.m2\repository\com\fasterxml\jackson\core\jackson-databind\2.12.3\jackson-databind-2.12.3.jar;C:\Users\GH2707\.m2\repository\com\fasterxml\jackson\core\jackson-annotations\2.12.3\jackson-annotations-2.12.3.jar;C:\Users\GH2707\.m2\repository\com\fasterxml\jackson\core\jackson-core\2.12.3\jackson-core-2.12.3.jar;C:\Users\GH2707\.m2\repository\com\fasterxml\jackson\datatype\jackson-datatype-jdk8\2.12.3\jackson-datatype-jdk8-2.12.3.jar;C:\Users\GH2707\.m2\repository\org\slf4j\slf4j-api\1.7.30\slf4j-api-1.7.30.jar;C:\Users\GH2707\.m2\repository\org\rocksdb\rocksdbjni\5.18.4\rocksdbjni-5.18.4.jar;C:\Users\GH2707\.m2\repository\org\springframework\cloud\spring-cloud-stream\3.1.3\spring-cloud-stream-3.1.3.jar;C:\Users\GH2707\.m2\repository\org\apache\tomcat\embed\tomcat-embed-el\9.0.46\tomcat-embed-el-9.0.46.jar;C:\Users\GH2707\.m2\repository\org\hibernate\validator\hibernate-validator\6.2.0.Final\hibernate-validator-6.2.0.Final.jar;C:\Users\GH2707\.m2\repository\jakarta\validation\jakarta.validation-api\2.0.2\jakarta.validation-api-2.0.2.jar;C:\Users\GH2707\.m2\repository\org\jboss\logging\jboss-logging\3.4.2.Final\jboss-logging-3.4.2.Final.jar;C:\Users\GH2707\.m2\repository\com\fasterxml\classmate\1.5.1\classmate-1.5.1.jar;C:\Users\GH2707\.m2\reposito
Launcher Type: SUN_STANDARD

[Global flags]
     bool BytecodeVerificationLocal                = false                                     {product} {command line}
     bool BytecodeVerificationRemote               = false                                     {product} {command line}
     intx CICompilerCount                          = 3                                         {product} {ergonomic}
     uint ConcGCThreads                            = 1                                         {product} {ergonomic}
     uint G1ConcRefinementThreads                  = 4                                         {product} {ergonomic}
   size_t G1HeapRegionSize                         = 1048576                                   {product} {ergonomic}
    uintx GCDrainStackTargetSize                   = 64                                        {product} {ergonomic}
   size_t InitialHeapSize                          = 134217728                                 {product} {ergonomic}
   size_t MarkStackSize                            = 4194304                                   {product} {ergonomic}
   size_t MaxHeapSize                              = 2118123520                                {product} {ergonomic}
   size_t MinHeapDeltaBytes                        = 1048576                                   {product} {ergonomic}
    uintx NonNMethodCodeHeapSize                   = 6973028                                {pd product} {ergonomic}
    uintx NonProfiledCodeHeapSize                  = 244685212                              {pd product} {ergonomic}
    uintx ProfiledCodeHeapSize                     = 0                                      {pd product} {ergonomic}
    uintx ReservedCodeCacheSize                    = 251658240                              {pd product} {ergonomic}
     bool SegmentedCodeCache                       = true                                      {product} {ergonomic}
     intx TieredStopAtLevel                        = 1                                         {product} {command line}
     bool UseCompressedClassPointers               = true                                 {lp64_product} {ergonomic}
     bool UseCompressedOops                        = true                                 {lp64_product} {ergonomic}
     bool UseG1GC                                  = true                                      {product} {ergonomic}
     bool UseLargePagesIndividualAllocation        = false                                  {pd product} {ergonomic}

Logging:
Log output configuration:
 #0: stdout all=warning uptime,level,tags
 #1: stderr all=off uptime,level,tags

Environment Variables:
PATH=C:\Program Files\AdoptOpenJDK\jdk-11.0.9.101-hotspot\bin;C:\WINDOWS\system32;C:\WINDOWS;C:\WINDOWS\System32\Wbem;C:\WINDOWS\System32\WindowsPowerShell\v1.0\;C:\WINDOWS\System32\OpenSSH\;C:\Program Files\Docker\Docker\resources\bin;C:\ProgramData\DockerDesktop\version-bin;C:\Program Files\Kubernetes\Minikube;;%SystemRoot%\system32;%SystemRoot%;%SystemRoot%\System32\Wbem;%SYSTEMROOT%\System32\WindowsPowerShell\v1.0\;%SYSTEMROOT%\System32\OpenSSH\;C:\Users\GH2707\AppData\Local\Microsoft\WindowsApps;C:\Users\GH2707\AppData\Local\Programs\Microsoft VS Code\bin;C:\apache-maven-3.6.3\bin;
USERNAME=GH2707
LANG=en_US.UTF-8
OS=Windows_NT
PROCESSOR_IDENTIFIER=Intel64 Family 6 Model 158 Stepping 9, GenuineIntel



---------------  S Y S T E M  ---------------

OS: Windows 10 , 64 bit Build 19041 (10.0.19041.1023)
OS uptime: 17 days 17:22 hours
HyperV virtualization detected

CPU:total 4 (initial active 4) (4 cores per cpu, 1 threads per core) family 6 model 158 stepping 9, cmov, cx8, fxsr, mmx, sse, sse2, sse3, ssse3, sse4.1, sse4.2, popcnt, avx, avx2, aes, clmul, erms, 3dnowpref, lzcnt, tsc, tscinvbit, bmi1, bmi2, adx, fma

Memory: 4k page, system-wide physical 8076M (428M free)
TotalPageFile size 23108M (AvailPageFile size 37M)
current process WorkingSet (physical memory assigned to process): 9M, peak: 9M
current process commit charge ("private bytes"): 49M, peak: 177M

vm_info: OpenJDK 64-Bit Server VM (11.0.9.1+1) for windows-amd64 JRE (11.0.9.1+1), built on Nov 10 2020 15:18:49 by "" with MS VC++ 15.9 (VS2017)

END.
